<?xml version="1.0" encoding="UTF-8"?>
<!-- Generated by org.testng.reporters.JUnitXMLReporter -->
<testsuite hostname="WINDOWS-H6EFL0Q" ignored="0" name="ChromeTest" tests="5" failures="3" timestamp="2021-03-02T18:10:36 EET" time="37.779" errors="0">
  <testcase name="loginDDT" time="3.928" classname="com.inetBanking.testCases.TC_002_LoginDDT">
    <failure type="java.lang.AssertionError" message="expected [true] but found [false]">
      <![CDATA[java.lang.AssertionError: expected [true] but found [false]
at com.inetBanking.testCases.TC_002_LoginDDT.loginDDT(TC_002_LoginDDT.java:24)
at java.util.ArrayList.forEach(ArrayList.java:1257)
... Removed 31 stack frames]]>
    </failure>
  </testcase> <!-- loginDDT -->
  <testcase name="loginDDT" time="8.218" classname="com.inetBanking.testCases.TC_002_LoginDDT"/>
  <testcase name="loginDDT" time="4.66" classname="com.inetBanking.testCases.TC_002_LoginDDT">
    <failure type="java.lang.AssertionError" message="expected [true] but found [false]">
      <![CDATA[java.lang.AssertionError: expected [true] but found [false]
at com.inetBanking.testCases.TC_002_LoginDDT.loginDDT(TC_002_LoginDDT.java:24)
at java.util.ArrayList.forEach(ArrayList.java:1257)
... Removed 31 stack frames]]>
    </failure>
  </testcase> <!-- loginDDT -->
  <testcase name="loginDDT" time="4.919" classname="com.inetBanking.testCases.TC_002_LoginDDT">
    <failure type="java.lang.AssertionError" message="expected [true] but found [false]">
      <![CDATA[java.lang.AssertionError: expected [true] but found [false]
at com.inetBanking.testCases.TC_002_LoginDDT.loginDDT(TC_002_LoginDDT.java:24)
at java.util.ArrayList.forEach(ArrayList.java:1257)
... Removed 31 stack frames]]>
    </failure>
  </testcase> <!-- loginDDT -->
  <testcase name="loginDDT" time="7.513" classname="com.inetBanking.testCases.TC_002_LoginDDT"/>
</testsuite> <!-- ChromeTest -->
